[2024-05-13 11:57:18] [info] Start Program:
Path:"C:\Users\Paul0516\source\repos\Lab6-7\x64\Debug\Lab6-7.exe"
Arguments:
Working directory: "C:\Users\Paul0516\source\repos\Lab6-7\Lab6-7\"
Modules: Selected: C:\Users\Paul0516\source\repos\Lab6-7\x64\Debug\Lab6-7.exe Excluded: 
Sources: Selected: C:\Users\Paul0516\source\repos\Lab6-7\Lab6-7 Excluded: 
Log Level: Normal
Cover Children: 0
Aggregate by file: 1
Continue after C++ exception: 0
Optimized build support: 0
Export: Binary C:\Users\Paul0516\AppData\Local\Temp\bu2g2oyf.skv 
Input coverage: 
Unified diff: 
Excluded line regular expressions: 
Substitute pdb source paths: 

[2024-05-13 11:57:18] [info] Module: C:\Users\Paul0516\source\repos\Lab6-7\x64\Debug\Lab6-7.exe is selected because it matches selected pattern: C:\Users\Paul0516\source\repos\Lab6-7\x64\Debug\Lab6-7.exe
[2024-05-13 11:57:18] [info] ----------------------------------------------------
[2024-05-13 11:57:18] [info] Coverage binary generated in file: C:\Users\Paul0516\AppData\Local\Temp\bu2g2oyf.skv
[2024-05-13 11:57:18] [info] ----------------------------------------------------
